[debug] [2023-07-14T21:01:46.021Z] ----------------------------------------------------------------------
[debug] [2023-07-14T21:01:46.023Z] Command:       /home/aron/.nvm/versions/node/v18.14.0/bin/node /home/aron/Desktop/eri-front-end/armi/node_modules/.bin/firebase init hosting
[debug] [2023-07-14T21:01:46.024Z] CLI Version:   12.4.4
[debug] [2023-07-14T21:01:46.024Z] Platform:      linux
[debug] [2023-07-14T21:01:46.025Z] Node Version:  v18.14.0
[debug] [2023-07-14T21:01:46.025Z] Time:          Sat Jul 15 2023 00:01:46 GMT+0300 (East Africa Time)
[debug] [2023-07-14T21:01:46.025Z] ----------------------------------------------------------------------
[debug] 
[debug] [2023-07-14T21:01:46.133Z] > command requires scopes: ["email","openid","https://www.googleapis.com/auth/cloudplatformprojects.readonly","https://www.googleapis.com/auth/firebase","https://www.googleapis.com/auth/cloud-platform"]
[debug] [2023-07-14T21:01:46.134Z] > authorizing via signed-in user (aronmilahela@gmail.com)
[info] 
     ######## #### ########  ######## ########     ###     ######  ########
     ##        ##  ##     ## ##       ##     ##  ##   ##  ##       ##
     ######    ##  ########  ######   ########  #########  ######  ######
     ##        ##  ##    ##  ##       ##     ## ##     ##       ## ##
     ##       #### ##     ## ######## ########  ##     ##  ######  ########

You're about to initialize a Firebase project in this directory:

  /home/aron/Desktop/eri-front-end/armi

Before we get started, keep in mind:

  * You are initializing within an existing Firebase project directory

[info] 
=== Project Setup
[info] 
[info] First, let's associate this project directory with a Firebase project.
[info] You can create multiple project aliases by running firebase use --add, 
[info] but for now we'll just set up a default project.
[info] 
[debug] [2023-07-14T21:01:46.141Z] Using project from CLI flag: armi-booking
[debug] [2023-07-14T21:01:46.146Z] >>> [apiv2][query] GET https://firebase.googleapis.com/v1beta1/projects/armi-booking [none]
[debug] [2023-07-14T21:01:46.934Z] <<< [apiv2][status] GET https://firebase.googleapis.com/v1beta1/projects/armi-booking 200
[debug] [2023-07-14T21:01:46.935Z] <<< [apiv2][body] GET https://firebase.googleapis.com/v1beta1/projects/armi-booking {"projectId":"armi-booking","projectNumber":"959666629536","displayName":"ARMI-Booking","name":"projects/armi-booking","resources":{"hostingSite":"armi-booking"},"state":"ACTIVE","etag":"1_bc3f1fed-6f38-47a8-a8e9-33c88a011064"}
[info] i  Using project armi-booking (ARMI-Booking) 
[info] 
=== Hosting Setup
[info] 
[info] Your public directory is the folder (relative to your project directory) that
[info] will contain Hosting assets to be uploaded with firebase deploy. If you
[info] have a build process for your assets, use your build's output directory.
[info] 
